<?xml version="1.0" encoding="UTF-8"?>
<!-- Generated by org.testng.reporters.JUnitReportReporter -->
<testsuite hostname="Bar" failures="0" tests="1" name="cucumberOptions.TestNGRunner" time="10.281" errors="0" timestamp="2024-10-08T14:54:06 IDT" skipped="0">
  <testcase classname="cucumberOptions.TestNGRunner" name="runScenario" time="10.281"/>
</testsuite> <!-- cucumberOptions.TestNGRunner -->
